<?xml version="1.0" encoding="UTF-8"?>
<!-- Generated by org.testng.reporters.JUnitReportReporter -->
<testsuite hostname="IN2204756W2" failures="0" tests="1" name="com.w2a.appium.testcases.Test_ValidLogin" time="67.605" errors="0" timestamp="03 Mar 2021 19:04:55 GMT" skipped="0">
  <testcase classname="com.w2a.appium.testcases.Test_ValidLogin" name="testValidLogin" time="67.605"/>
</testsuite> <!-- com.w2a.appium.testcases.Test_ValidLogin -->
